
==================================================
  기업 재무분석 대시보드 서버
  http://localhost:5000
==================================================

 * Serving Flask app 'main'
 * Debug mode: off
WARNING: This is a development server. Do not use it in a production deployment. Use a production WSGI server instead.
 * Running on http://127.0.0.1:5000
Press CTRL+C to quit
127.0.0.1 - - [13/Feb/2026 17:13:42] "GET / HTTP/1.1" 200 -
127.0.0.1 - - [13/Feb/2026 17:14:13] "GET /api/search?q=삼성전자 HTTP/1.1" 200 -
127.0.0.1 - - [13/Feb/2026 17:14:13] "GET /api/search?q=삼성전자 HTTP/1.1" 200 -
127.0.0.1 - - [13/Feb/2026 17:14:14] "GET /api/overview?company=005930 HTTP/1.1" 200 -
127.0.0.1 - - [13/Feb/2026 17:14:14] "GET /api/finstate?company=005930&start=2016&end=2026&fs=CFS HTTP/1.1" 200 -
127.0.0.1 - - [13/Feb/2026 17:14:15] "GET /api/realtime_price?company=005930 HTTP/1.1" 200 -
127.0.0.1 - - [13/Feb/2026 17:14:15] "GET /api/price_chart?company=005930 HTTP/1.1" 200 -
127.0.0.1 - - [13/Feb/2026 17:14:20] "GET /api/data?company=005930&start=2016&end=2026&fs=CFS HTTP/1.1" 200 -
127.0.0.1 - - [13/Feb/2026 17:14:20] "GET /api/dividend?company=005930 HTTP/1.1" 200 -
127.0.0.1 - - [13/Feb/2026 17:14:27] "GET /api/search?q=삼정펄프 HTTP/1.1" 200 -
127.0.0.1 - - [13/Feb/2026 17:14:27] "GET /api/overview?company=009770 HTTP/1.1" 200 -
127.0.0.1 - - [13/Feb/2026 17:14:27] "GET /api/finstate?company=009770&start=2016&end=2026&fs=CFS HTTP/1.1" 200 -
127.0.0.1 - - [13/Feb/2026 17:14:28] "GET /api/realtime_price?company=009770 HTTP/1.1" 200 -
127.0.0.1 - - [13/Feb/2026 17:14:28] "GET /api/price_chart?company=009770 HTTP/1.1" 200 -
127.0.0.1 - - [13/Feb/2026 17:14:36] "GET /api/data?company=009770&start=2016&end=2026&fs=CFS HTTP/1.1" 200 -
127.0.0.1 - - [13/Feb/2026 17:14:37] "GET /api/dividend?company=009770 HTTP/1.1" 200 -
127.0.0.1 - - [13/Feb/2026 17:14:48] "GET /api/search?q=신영증권 HTTP/1.1" 200 -
127.0.0.1 - - [13/Feb/2026 17:14:49] "GET /api/overview?company=001720 HTTP/1.1" 200 -
127.0.0.1 - - [13/Feb/2026 17:14:50] "GET /api/finstate?company=001720&start=2016&end=2026&fs=CFS HTTP/1.1" 200 -
127.0.0.1 - - [13/Feb/2026 17:14:51] "GET /api/realtime_price?company=001720 HTTP/1.1" 200 -
127.0.0.1 - - [13/Feb/2026 17:14:51] "GET /api/price_chart?company=001720 HTTP/1.1" 200 -
127.0.0.1 - - [13/Feb/2026 17:14:52] "GET /api/search?q=신영 HTTP/1.1" 200 -
127.0.0.1 - - [13/Feb/2026 17:14:53] "GET /api/overview?company=001720 HTTP/1.1" 200 -
127.0.0.1 - - [13/Feb/2026 17:14:57] "GET /api/data?company=001720&start=2016&end=2026&fs=CFS HTTP/1.1" 200 -
127.0.0.1 - - [13/Feb/2026 17:14:58] "GET /api/dividend?company=001720 HTTP/1.1" 200 -
127.0.0.1 - - [13/Feb/2026 17:15:15] "GET /api/search?q=신흥 HTTP/1.1" 200 -
127.0.0.1 - - [13/Feb/2026 17:15:17] "GET /api/overview?company=243840 HTTP/1.1" 200 -
127.0.0.1 - - [13/Feb/2026 17:15:17] "GET /api/overview?company=243840 HTTP/1.1" 200 -
127.0.0.1 - - [13/Feb/2026 17:15:17] "GET /api/finstate?company=243840&start=2016&end=2026&fs=CFS HTTP/1.1" 200 -
127.0.0.1 - - [13/Feb/2026 17:15:19] "GET /api/realtime_price?company=243840 HTTP/1.1" 200 -
127.0.0.1 - - [13/Feb/2026 17:15:19] "GET /api/price_chart?company=243840 HTTP/1.1" 200 -
127.0.0.1 - - [13/Feb/2026 17:15:31] "GET /api/overview?company=004080 HTTP/1.1" 200 -
{'status': '013', 'message': '조회된 데이타가 없습니다.'}
{'status': '013', 'message': '조회된 데이타가 없습니다.'}
{'status': '013', 'message': '조회된 데이타가 없습니다.'}
{'status': '013', 'message': '조회된 데이타가 없습니다.'}
{'status': '013', 'message': '조회된 데이타가 없습니다.'}
{'status': '013', 'message': '조회된 데이타가 없습니다.'}
{'status': '013', 'message': '조회된 데이타가 없습니다.'}
{'status': '013', 'message': '조회된 데이타가 없습니다.'}
{'status': '013', 'message': '조회된 데이타가 없습니다.'}
{'status': '013', 'message': '조회된 데이타가 없습니다.'}
{'status': '013', 'message': '조회된 데이타가 없습니다.'}
reprt_code='11013', fs_div='CFS' (1분기보고서, 연결제무제표)'
reprt_code='11012', fs_div='CFS' (반기보고서, 연결제무제표)'
reprt_code='11014', fs_div='CFS' (3분기보고서, 연결제무제표)'
reprt_code='11011', fs_div='CFS' (사업보고서, 연결제무제표)'
reprt_code='11013', fs_div='CFS' (1분기보고서, 연결제무제표)'
reprt_code='11012', fs_div='CFS' (반기보고서, 연결제무제표)'
reprt_code='11014', fs_div='CFS' (3분기보고서, 연결제무제표)'
reprt_code='11011', fs_div='CFS' (사업보고서, 연결제무제표)'
reprt_code='11012', fs_div='CFS' (반기보고서, 연결제무제표)'
reprt_code='11013', fs_div='CFS' (1분기보고서, 연결제무제표)'
reprt_code='11014', fs_div='CFS' (3분기보고서, 연결제무제표)'
reprt_code='11011', fs_div='CFS' (사업보고서, 연결제무제표)'
reprt_code='11013', fs_div='CFS' (1분기보고서, 연결제무제표)'
reprt_code='11012', fs_div='CFS' (반기보고서, 연결제무제표)'
reprt_code='11014', fs_div='CFS' (3분기보고서, 연결제무제표)'
reprt_code='11011', fs_div='CFS' (사업보고서, 연결제무제표)'
reprt_code='11012', fs_div='CFS' (반기보고서, 연결제무제표)'
reprt_code='11014', fs_div='CFS' (3분기보고서, 연결제무제표)'
reprt_code='11013', fs_div='CFS' (1분기보고서, 연결제무제표)'
reprt_code='11011', fs_div='CFS' (사업보고서, 연결제무제표)'
{'status': '013', 'message': '조회된 데이타가 없습니다.'}
reprt_code='11013', fs_div='CFS' (1분기보고서, 연결제무제표)'
reprt_code='11012', fs_div='CFS' (반기보고서, 연결제무제표)'
reprt_code='11014', fs_div='CFS' (3분기보고서, 연결제무제표)'
reprt_code='11011', fs_div='CFS' (사업보고서, 연결제무제표)'
{'status': '013', 'message': '조회된 데이타가 없습니다.'}

reprt_code='11011', fs_div='OFS' (사업보고서, 별도(개별)제무제표)'
{'status': '013', 'message': '조회된 데이타가 없습니다.'}
{'status': '013', 'message': '조회된 데이타가 없습니다.'}

{'status': '013', 'message': '조회된 데이타가 없습니다.'}

{'status': '013', 'message': '조회된 데이타가 없습니다.'}

reprt_code='11012', fs_div='OFS' (반기보고서, 별도(개별)제무제표)'
reprt_code='11014', fs_div='OFS' (3분기보고서, 별도(개별)제무제표)'
reprt_code='11013', fs_div='OFS' (1분기보고서, 별도(개별)제무제표)'
{'status': '013', 'message': '조회된 데이타가 없습니다.'}

reprt_code='11011', fs_div='OFS' (사업보고서, 별도(개별)제무제표)'
{'status': '013', 'message': '조회된 데이타가 없습니다.'}

reprt_code='11013', fs_div='CFS' (1분기보고서, 연결제무제표)'
reprt_code='11012', fs_div='CFS' (반기보고서, 연결제무제표)'
reprt_code='11014', fs_div='CFS' (3분기보고서, 연결제무제표)'
reprt_code='11011', fs_div='CFS' (사업보고서, 연결제무제표)'
reprt_code='11013', fs_div='CFS' (1분기보고서, 연결제무제표)'
reprt_code='11011', fs_div='CFS' (사업보고서, 연결제무제표)'
reprt_code='11012', fs_div='CFS' (반기보고서, 연결제무제표)'
reprt_code='11014', fs_div='CFS' (3분기보고서, 연결제무제표)'
reprt_code='11013', fs_div='CFS' (1분기보고서, 연결제무제표)'
reprt_code='11012', fs_div='CFS' (반기보고서, 연결제무제표)'
{'status': '013', 'message': '조회된 데이타가 없습니다.'}
{'status': '013', 'message': '조회된 데이타가 없습니다.'}

{'status': '013', 'message': '조회된 데이타가 없습니다.'}

{'status': '013', 'message': '조회된 데이타가 없습니다.'}

{'status': '013', 'message': '조회된 데이타가 없습니다.'}

{'status': '013', 'message': '조회된 데이타가 없습니다.'}

{'status': '013', 'message': '조회된 데이타가 없습니다.'}

{'status': '013', 'message': '조회된 데이타가 없습니다.'}

{'status': '013', 'message': '조회된 데이타가 없습니다.'}

{'status': '013', 'message': '조회된 데이타가 없습니다.'}

{'status': '013', 'message': '조회된 데이타가 없습니다.'}

{'status': '013', 'message': '조회된 데이타가 없습니다.'}
reprt_code='11013', fs_div='OFS' (1분기보고서, 별도(개별)제무제표)'
reprt_code='11012', fs_div='OFS' (반기보고서, 별도(개별)제무제표)'
reprt_code='11012', fs_div='OFS' (반기보고서, 별도(개별)제무제표)'
reprt_code='11011', fs_div='OFS' (사업보고서, 별도(개별)제무제표)'
reprt_code='11014', fs_div='OFS' (3분기보고서, 별도(개별)제무제표)'
reprt_code='11013', fs_div='OFS' (1분기보고서, 별도(개별)제무제표)'
reprt_code='11013', fs_div='CFS' (1분기보고서, 연결제무제표)'
reprt_code='11011', fs_div='CFS' (사업보고서, 연결제무제표)'
reprt_code='11014', fs_div='CFS' (3분기보고서, 연결제무제표)'
reprt_code='11012', fs_div='CFS' (반기보고서, 연결제무제표)'
{'status': '013', 'message': '조회된 데이타가 없습니다.'}

{'status': '013', 'message': '조회된 데이타가 없습니다.'}

{'status': '013', 'message': '조회된 데이타가 없습니다.'}

{'status': '013', 'message': '조회된 데이타가 없습니다.'}

reprt_code='11011', fs_div='CFS' (사업보고서, 연결제무제표)'
reprt_code='11014', fs_div='CFS' (3분기보고서, 연결제무제표)'
reprt_code='11012', fs_div='CFS' (반기보고서, 연결제무제표)'
reprt_code='11013', fs_div='CFS' (1분기보고서, 연결제무제표)'
{'status': '013', 'message': '조회된 데이타가 없습니다.'}

{'status': '013', 'message': '조회된 데이타가 없습니다.'}

reprt_code='11014', fs_div='CFS' (3분기보고서, 연결제무제표)'
reprt_code='11011', fs_div='CFS' (사업보고서, 연결제무제표)'
reprt_code='11012', fs_div='CFS' (반기보고서, 연결제무제표)'
reprt_code='11013', fs_div='CFS' (1분기보고서, 연결제무제표)'
reprt_code='11014', fs_div='CFS' (3분기보고서, 연결제무제표)'
reprt_code='11011', fs_div='CFS' (사업보고서, 연결제무제표)'
reprt_code='11013', fs_div='CFS' (1분기보고서, 연결제무제표)'
reprt_code='11012', fs_div='CFS' (반기보고서, 연결제무제표)'
reprt_code='11011', fs_div='CFS' (사업보고서, 연결제무제표)'
reprt_code='11014', fs_div='CFS' (3분기보고서, 연결제무제표)'
reprt_code='11013', fs_div='CFS' (1분기보고서, 연결제무제표)'
reprt_code='11014', fs_div='CFS' (3분기보고서, 연결제무제표)'
reprt_code='11012', fs_div='CFS' (반기보고서, 연결제무제표)'
reprt_code='11011', fs_div='CFS' (사업보고서, 연결제무제표)'
reprt_code='11013', fs_div='CFS' (1분기보고서, 연결제무제표)'
reprt_code='11012', fs_div='CFS' (반기보고서, 연결제무제표)'
reprt_code='11014', fs_div='CFS' (3분기보고서, 연결제무제표)'
reprt_code='11011', fs_div='CFS' (사업보고서, 연결제무제표)'
reprt_code='11013', fs_div='CFS' (1분기보고서, 연결제무제표)'
reprt_code='11012', fs_div='CFS' (반기보고서, 연결제무제표)'
reprt_code='11014', fs_div='CFS' (3분기보고서, 연결제무제표)'
reprt_code='11011', fs_div='CFS' (사업보고서, 연결제무제표)'
reprt_code='11013', fs_div='CFS' (1분기보고서, 연결제무제표)'
reprt_code='11012', fs_div='CFS' (반기보고서, 연결제무제표)'
reprt_code='11014', fs_div='CFS' (3분기보고서, 연결제무제표)'
reprt_code='11011', fs_div='CFS' (사업보고서, 연결제무제표)'
{'status': '013', 'message': '조회된 데이타가 없습니다.'}

reprt_code='11011', fs_div='OFS' (사업보고서, 별도(개별)제무제표)'
{'status': '013', 'message': '조회된 데이타가 없습니다.'}

{'status': '013', 'message': '조회된 데이타가 없습니다.'}

{'status': '013', 'message': '조회된 데이타가 없습니다.'}

reprt_code='11013', fs_div='OFS' (1분기보고서, 별도(개별)제무제표)'
{'status': '013', 'message': '조회된 데이타가 없습니다.'}

reprt_code='11011', fs_div='OFS' (사업보고서, 별도(개별)제무제표)'
reprt_code='11014', fs_div='OFS' (3분기보고서, 별도(개별)제무제표)'
reprt_code='11012', fs_div='OFS' (반기보고서, 별도(개별)제무제표)'
{'status': '013', 'message': '조회된 데이타가 없습니다.'}

{'status': '013', 'message': '조회된 데이타가 없습니다.'}

{'status': '013', 'message': '조회된 데이타가 없습니다.'}

{'status': '013', 'message': '조회된 데이타가 없습니다.'}

{'status': '013', 'message': '조회된 데이타가 없습니다.'}

{'status': '013', 'message': '조회된 데이타가 없습니다.'}127.0.0.1 - - [13/Feb/2026 17:15:36] "GET /api/data?company=243840&start=2016&end=2026&fs=CFS HTTP/1.1" 200 -
127.0.0.1 - - [13/Feb/2026 17:15:37] "GET /api/data?company=243840&start=2016&end=2026&fs=CFS HTTP/1.1" 200 -
127.0.0.1 - - [13/Feb/2026 17:15:59] "GET /api/search?q=ㄱ HTTP/1.1" 200 -
127.0.0.1 - - [13/Feb/2026 17:16:02] "GET /api/search?q=국보디자인 HTTP/1.1" 200 -
127.0.0.1 - - [13/Feb/2026 17:16:02] "GET /api/search?q=국보디자인 HTTP/1.1" 200 -
127.0.0.1 - - [13/Feb/2026 17:16:03] "GET /api/overview?company=066620 HTTP/1.1" 200 -
127.0.0.1 - - [13/Feb/2026 17:16:03] "GET /api/finstate?company=066620&start=2016&end=2026&fs=CFS HTTP/1.1" 200 -
127.0.0.1 - - [13/Feb/2026 17:16:04] "GET /api/realtime_price?company=066620 HTTP/1.1" 200 -
127.0.0.1 - - [13/Feb/2026 17:16:04] "GET /api/price_chart?company=066620 HTTP/1.1" 200 -
127.0.0.1 - - [13/Feb/2026 17:16:09] "GET /api/data?company=066620&start=2016&end=2026&fs=CFS HTTP/1.1" 200 -
127.0.0.1 - - [13/Feb/2026 17:16:10] "GET /api/dividend?company=066620 HTTP/1.1" 200 -
127.0.0.1 - - [13/Feb/2026 17:16:12] "GET /api/search?q=국 HTTP/1.1" 200 -
127.0.0.1 - - [13/Feb/2026 17:16:13] "GET /api/overview?company=060480 HTTP/1.1" 200 -
127.0.0.1 - - [13/Feb/2026 17:16:13] "GET /api/overview?company=060480 HTTP/1.1" 200 -
127.0.0.1 - - [13/Feb/2026 17:16:14] "GET /api/realtime_price?company=060480 HTTP/1.1" 200 -
127.0.0.1 - - [13/Feb/2026 17:16:15] "GET /api/price_chart?company=060480 HTTP/1.1" 200 -

{'status': '013', 'message': '조회된 데이타가 없습니다.'}
{'status': '013', 'message': '조회된 데이타가 없습니다.'}
{'status': '013', 'message': '조회된 데이타가 없습니다.'}
{'status': '013', 'message': '조회된 데이타가 없습니다.'}
{'status': '013', 'message': '조회된 데이타가 없습니다.'}
{'status': '013', 'message': '조회된 데이타가 없습니다.'}
{'status': '013', 'message': '조회된 데이타가 없습니다.'}
reprt_code='11013', fs_div='CFS' (1분기보고서, 연결제무제표)'
reprt_code='11012', fs_div='CFS' (반기보고서, 연결제무제표)'
reprt_code='11014', fs_div='CFS' (3분기보고서, 연결제무제표)'
reprt_code='11011', fs_div='CFS' (사업보고서, 연결제무제표)'
reprt_code='11014', fs_div='CFS' (3분기보고서, 연결제무제표)'
reprt_code='11013', fs_div='CFS' (1분기보고서, 연결제무제표)'
reprt_code='11012', fs_div='CFS' (반기보고서, 연결제무제표)'
reprt_code='11013', fs_div='CFS' (1분기보고서, 연결제무제표)'
reprt_code='11011', fs_div='CFS' (사업보고서, 연결제무제표)'
reprt_code='11012', fs_div='CFS' (반기보고서, 연결제무제표)'
{'status': '013', 'message': '조회된 데이타가 없습니다.'}

{'status': '013', 'message': '조회된 데이타가 없습니다.'}

{'status': '013', 'message': '조회된 데이타가 없습니다.'}

{'status': '013', 'message': '조회된 데이타가 없습니다.'}

{'status': '013', 'message': '조회된 데이타가 없습니다.'}

reprt_code='11011', fs_div='OFS' (사업보고서, 별도(개별)제무제표)'
reprt_code='11014', fs_div='OFS' (3분기보고서, 별도(개별)제무제표)'
reprt_code='11013', fs_div='OFS' (1분기보고서, 별도(개별)제무제표)'
reprt_code='11013', fs_div='OFS' (1분기보고서, 별도(개별)제무제표)'
reprt_code='11012', fs_div='OFS' (반기보고서, 별도(개별)제무제표)'
{'status': '013', 'message': '조회된 데이타가 없습니다.'}

{'status': '013', 'message': '조회된 데이타가 없습니다.'}

{'status': '013', 'message': '조회된 데이타가 없습니다.'}

{'status': '013', 'message': '조회된 데이타가 없습니다.'}

{'status': '013', 'message': '조회된 데이타가 없습니다.'}

reprt_code='11012', fs_div='OFS' (반기보고서, 별도(개별)제무제표)'
reprt_code='11013', fs_div='OFS' (1분기보고서, 별도(개별)제무제표)'
reprt_code='11014', fs_div='OFS' (3분기보고서, 별도(개별)제무제표)'
reprt_code='11011', fs_div='OFS' (사업보고서, 별도(개별)제무제표)'
reprt_code='11012', fs_div='OFS' (반기보고서, 별도(개별)제무제표)'
reprt_code='11014', fs_div='CFS' (3분기보고서, 연결제무제표)'
reprt_code='11011', fs_div='CFS' (사업보고서, 연결제무제표)'
reprt_code='11013', fs_div='CFS' (1분기보고서, 연결제무제표)'
reprt_code='11012', fs_div='CFS' (반기보고서, 연결제무제표)'
reprt_code='11014', fs_div='CFS' (3분기보고서, 연결제무제표)'
reprt_code='11011', fs_div='CFS' (사업보고서, 연결제무제표)'
reprt_code='11013', fs_div='CFS' (1분기보고서, 연결제무제표)'
reprt_code='11012', fs_div='CFS' (반기보고서, 연결제무제표)'
reprt_code='11011', fs_div='CFS' (사업보고서, 연결제무제표)'
reprt_code='11014', fs_div='CFS' (3분기보고서, 연결제무제표)'
{'status': '013', 'message': '조회된 데이타가 없습니다.'}

reprt_code='11012', fs_div='OFS' (반기보고서, 별도(개별)제무제표)'
{'status': '013', 'message': '조회된 데이타가 없습니다.'}

reprt_code='11014', fs_div='OFS' (3분기보고서, 별도(개별)제무제표)'
{'status': '013', 'message': '조회된 데이타가 없습니다.'}

{'status': '013', 'message': '조회된 데이타가 없습니다.'}

reprt_code='11011', fs_div='OFS' (사업보고서, 별도(개별)제무제표)'
reprt_code='11013', fs_div='OFS' (1분기보고서, 별도(개별)제무제표)'
{'status': '013', 'message': '조회된 데이타가 없습니다.'}

reprt_code='11011', fs_div='OFS' (사업보고서, 별도(개별)제무제표)'
{'status': '013', 'message': '조회된 데이타가 없습니다.'}

reprt_code='11012', fs_div='OFS' (반기보고서, 별도(개별)제무제표)'
{'status': '013', 'message': '조회된 데이타가 없습니다.'}

reprt_code='11014', fs_div='OFS' (3분기보고서, 별도(개별)제무제표)'
{'status': '013', 'message': '조회된 데이타가 없습니다.'}

{'status': '013', 'message': '조회된 데이타가 없습니다.'}

{'status': '013', 'message': '조회된 데이타가 없습니다.'}

reprt_code='11013', fs_div='OFS' (1분기보고서, 별도(개별)제무제표)'
reprt_code='11014', fs_div='OFS' (3분기보고서, 별도(개별)제무제표)'
reprt_code='11011', fs_div='OFS' (사업보고서, 별도(개별)제무제표)'
reprt_code='11014', fs_div='OFS' (3분기보고서, 별도(개별)제무제표)'
reprt_code='11011', fs_div='OFS' (사업보고서, 별도(개별)제무제표)'
reprt_code='11013', fs_div='OFS' (1분기보고서, 별도(개별)제무제표)'
reprt_code='11011', fs_div='OFS' (사업보고서, 별도(개별)제무제표)'
reprt_code='11012', fs_div='OFS' (반기보고서, 별도(개별)제무제표)'
reprt_code='11013', fs_div='OFS' (1분기보고서, 별도(개별)제무제표)'
reprt_code='11014', fs_div='OFS' (3분기보고서, 별도(개별)제무제표)'
reprt_code='11012', fs_div='OFS' (반기보고서, 별도(개별)제무제표)'
reprt_code='11014', fs_div='OFS' (3분기보고서, 별도(개별)제무제표)'
reprt_code='11011', fs_div='OFS' (사업보고서, 별도(개별)제무제표)'
reprt_code='11013', fs_div='CFS' (1분기보고서, 연결제무제표)'
reprt_code='11012', fs_div='CFS' (반기보고서, 연결제무제표)'
reprt_code='11014', fs_div='CFS' (3분기보고서, 연결제무제표)'
reprt_code='11011', fs_div='CFS' (사업보고서, 연결제무제표)'
reprt_code='11013', fs_div='CFS' (1분기보고서, 연결제무제표)'
reprt_code='11012', fs_div='CFS' (반기보고서, 연결제무제표)'
reprt_code='11014', fs_div='CFS' (3분기보고서, 연결제무제표)'
reprt_code='11011', fs_div='CFS' (사업보고서, 연결제무제표)'
reprt_code='11013', fs_div='CFS' (1분기보고서, 연결제무제표)'
reprt_code='11012', fs_div='CFS' (반기보고서, 연결제무제표)'
reprt_code='11013', fs_div='CFS' (1분기보고서, 연결제무제표)'
reprt_code='11012', fs_div='CFS' (반기보고서, 연결제무제표)'
reprt_code='11014', fs_div='CFS' (3분기보고서, 연결제무제표)'
reprt_code='11014', fs_div='CFS' (3분기보고서, 연결제무제표)'
reprt_code='11012', fs_div='CFS' (반기보고서, 연결제무제표)'
reprt_code='11011', fs_div='CFS' (사업보고서, 연결제무제표)'
reprt_code='11013', fs_div='CFS' (1분기보고서, 연결제무제표)'
reprt_code='11011', fs_div='CFS' (사업보고서, 연결제무제표)'
reprt_code='11013', fs_div='CFS' (1분기보고서, 연결제무제표)'
reprt_code='11012', fs_div='CFS' (반기보고서, 연결제무제표)'
{'status': '013', 'message': '조회된 데이타가 없습니다.'}

reprt_code='11013', fs_div='OFS' (1분기보고서, 별도(개별)제무제표)'
{'status': '013', 'message': '조회된 데이타가 없습니다.'}

reprt_code='11011', fs_div='OFS' (사업보고서, 별도(개별)제무제표)'
{'status': '013', 'message': '조회된 데이타가 없습니다.'}

reprt_code='11012', fs_div='OFS' (반기보고서, 별도(개별)제무제표)'
{'status': '013', 'message': '조회된 데이타가 없습니다.'}

reprt_code='11014', fs_div='OFS' (3분기보고서, 별도(개별)제무제표)'
{'status': '013', 'message': '조회된 데이타가 없습니다.'}

reprt_code='11013', fs_div='OFS' (1분기보고서, 별도(개별)제무제표)'
{'status': '013', 'message': '조회된 데이타가 없습니다.'}

reprt_code='11013', fs_div='OFS' (1분기보고서, 별도(개별)제무제표)'
{'status': '013', 'message': '조회된 데이타가 없습니다.'}

reprt_code='11014', fs_div='OFS' (3분기보고서, 별도(개별)제무제표)'
{'status': '013', 'message': '조회된 데이타가 없습니다.'}

{'status': '013', 'message': '조회된 데이타가 없습니다.'}

reprt_code='11011', fs_div='OFS' (사업보고서, 별도(개별)제무제표)'
reprt_code='11012', fs_div='OFS' (반기보고서, 별도(개별)제무제표)'
{'status': '013', 'message': '조회된 데이타가 없습니다.'}

reprt_code='11012', fs_div='OFS' (반기보고서, 별도(개별)제무제표)'
{'status': '013', 'message': '조회된 데이타가 없습니다.'}

{'status': '013', 'message': '조회된 데이타가 없습니다.'}

reprt_code='11012', fs_div='OFS' (반기보고서, 별도(개별)제무제표)'
reprt_code='11013', fs_div='OFS' (1분기보고서, 별도(개별)제무제표)'
{'status': '013', 'message': '조회된 데이타가 없습니다.'}

{'status': '013', 'message': '조회된 데이타가 없습니다.'}

{'status': '013', 'message': '조회된 데이타가 없습니다.'}

{'status': '013', 'message': '조회된 데이타가 없습니다.'}

{'status': '013', 'message': '조회된 데이타가 없습니다.'}

reprt_code='11014', fs_div='OFS' (3분기보고서, 별도(개별)제무제표)'
{'status': '013', 'message': '조회된 데이타가 없습니다.'}

reprt_code='11014', fs_div='OFS' (3분기보고서, 별도(개별)제무제표)'127.0.0.1 - - [13/Feb/2026 17:16:23] "GET /api/search?q=신흥에스이 HTTP/1.1" 200 -
127.0.0.1 - - [13/Feb/2026 17:16:23] "GET /api/search?q=신흥에스이씨 HTTP/1.1" 200 -
127.0.0.1 - - [13/Feb/2026 17:16:23] "GET /api/overview?company=243840 HTTP/1.1" 200 -
127.0.0.1 - - [13/Feb/2026 17:16:24] "GET /api/finstate?company=243840&start=2016&end=2026&fs=CFS HTTP/1.1" 200 -
127.0.0.1 - - [13/Feb/2026 17:16:24] "GET /api/price_chart?company=243840 HTTP/1.1" 200 -
127.0.0.1 - - [13/Feb/2026 17:16:27] "GET /api/realtime_price?company=243840 HTTP/1.1" 200 -
127.0.0.1 - - [13/Feb/2026 17:16:28] "GET /api/data?company=243840&start=2016&end=2026&fs=CFS HTTP/1.1" 200 -
127.0.0.1 - - [13/Feb/2026 17:16:42] "GET /api/finstate?company=060480&start=2016&end=2026&fs=CFS HTTP/1.1" 200 -
127.0.0.1 - - [13/Feb/2026 17:16:44] "GET /api/data?company=060480&start=2016&end=2026&fs=CFS HTTP/1.1" 200 -
127.0.0.1 - - [13/Feb/2026 17:16:44] "GET /api/dividend?company=243840 HTTP/1.1" 200 -
127.0.0.1 - - [13/Feb/2026 17:16:46] "GET /api/finstate?company=060480&start=2016&end=2026&fs=CFS HTTP/1.1" 200 -
